\BOOKMARK [1][-]{section.1}{Introducci\363n}{}% 1
\BOOKMARK [1][-]{section.2}{Metodologia}{}% 2
\BOOKMARK [2][-]{subsection.2.1}{Medici\363n de Impedancia}{section.2}% 3
\BOOKMARK [3][-]{subsubsection.2.1.1}{M\351todo moderno}{subsection.2.1}% 4
\BOOKMARK [3][-]{subsubsection.2.1.2}{M\351todo cl\341sico}{subsection.2.1}% 5
\BOOKMARK [2][-]{subsection.2.2}{Medicion de Sensibilidad}{section.2}% 6
\BOOKMARK [2][-]{subsection.2.3}{Medicion de Respuesta en frecuencia}{section.2}% 7
\BOOKMARK [2][-]{subsection.2.4}{Medicion de los parametros de Thiele y Small}{section.2}% 8
\BOOKMARK [3][-]{subsubsection.2.4.1}{M\351todo cl\341sico}{subsection.2.4}% 9
\BOOKMARK [3][-]{subsubsection.2.4.2}{M\311TODO MODERNO}{subsection.2.4}% 10
\BOOKMARK [2][-]{subsection.2.5}{Medici\363n de la directividad}{section.2}% 11
\BOOKMARK [1][-]{section.3}{Resultados}{}% 12
\BOOKMARK [2][-]{subsection.3.1}{Impedancia}{section.3}% 13
\BOOKMARK [2][-]{subsection.3.2}{Sensibilidad}{section.3}% 14
\BOOKMARK [2][-]{subsection.3.3}{Respuesta en frecuencia}{section.3}% 15
\BOOKMARK [2][-]{subsection.3.4}{Thiele y Small}{section.3}% 16
\BOOKMARK [2][-]{subsection.3.5}{Directividad}{section.3}% 17
\BOOKMARK [1][-]{section.4}{An\341lisis de resultados}{}% 18
\BOOKMARK [2][-]{subsection.4.1}{Impedancia}{section.4}% 19
\BOOKMARK [1][-]{section.5}{Conclusi\363n}{}% 20
\BOOKMARK [1][-]{section.6}{Referencias}{}% 21
